<?xml version="1.0" encoding="UTF-8"?>
<testng-results skipped="0" failed="0" total="1" passed="1">
  <reporter-output>
  </reporter-output>
  <suite name="Default suite" duration-ms="64194" started-at="2023-09-11T11:42:16Z" finished-at="2023-09-11T11:43:21Z">
    <groups>
    </groups>
    <test name="Default test" duration-ms="64194" started-at="2023-09-11T11:42:16Z" finished-at="2023-09-11T11:43:21Z">
      <class name="runner.TestRun">
        <test-method status="PASS" signature="bfrClas()[pri:0, instance:runner.TestRun@6615435c]" name="bfrClas" is-config="true" duration-ms="4062" started-at="2023-09-11T17:12:16Z" finished-at="2023-09-11T17:12:20Z">
          <reporter-output>
          </reporter-output>
        </test-method> <!-- bfrClas -->
        <test-method status="PASS" signature="tc1()[pri:0, instance:runner.TestRun@6615435c]" name="tc1" duration-ms="60130" started-at="2023-09-11T17:12:20Z" finished-at="2023-09-11T17:13:21Z">
          <reporter-output>
          </reporter-output>
        </test-method> <!-- tc1 -->
        <test-method status="PASS" signature="aftCls()[pri:0, instance:runner.TestRun@6615435c]" name="aftCls" is-config="true" duration-ms="0" started-at="2023-09-11T17:13:21Z" finished-at="2023-09-11T17:13:21Z">
          <reporter-output>
          </reporter-output>
        </test-method> <!-- aftCls -->
      </class> <!-- runner.TestRun -->
    </test> <!-- Default test -->
  </suite> <!-- Default suite -->
</testng-results>
